[debug] [2022-01-10T23:51:05.821Z] ----------------------------------------------------------------------
[debug] [2022-01-10T23:51:05.824Z] Command:       /usr/local/bin/node /home/draq/.config/yarn/global/node_modules/.bin/firebase deploy
[debug] [2022-01-10T23:51:05.824Z] CLI Version:   10.0.1
[debug] [2022-01-10T23:51:05.825Z] Platform:      linux
[debug] [2022-01-10T23:51:05.825Z] Node Version:  v14.18.0
[debug] [2022-01-10T23:51:05.859Z] Time:          Tue Jan 11 2022 00:51:05 GMT+0100 (West Africa Standard Time)
[debug] [2022-01-10T23:51:05.859Z] ----------------------------------------------------------------------
[debug] 
[debug] [2022-01-10T23:51:05.862Z] >>> [apiv2][query] GET https://firebase-public.firebaseio.com/cli.json [none]
[debug] [2022-01-10T23:51:06.110Z] > command requires scopes: ["email","openid","https://www.googleapis.com/auth/cloudplatformprojects.readonly","https://www.googleapis.com/auth/firebase","https://www.googleapis.com/auth/cloud-platform"]
[debug] [2022-01-10T23:51:06.111Z] > authorizing via signed-in user (abdullahabdulfatah526@gmail.com)
[debug] [2022-01-10T23:51:06.111Z] [iam] checking project twirra-io for permissions ["datastore.indexes.create","datastore.indexes.delete","datastore.indexes.list","datastore.indexes.update","firebase.projects.get","firebasehosting.sites.update"]
[debug] [2022-01-10T23:51:06.114Z] > refreshing access token with scopes: ["email","https://www.googleapis.com/auth/cloud-platform","https://www.googleapis.com/auth/cloudplatformprojects.readonly","https://www.googleapis.com/auth/firebase","openid"]
[debug] [2022-01-10T23:51:06.114Z] >>> HTTP REQUEST POST https://www.googleapis.com/oauth2/v3/token  
 <request body omitted>
[debug] [2022-01-10T23:51:07.648Z] <<< [apiv2][status] GET https://firebase-public.firebaseio.com/cli.json 200
[debug] [2022-01-10T23:51:07.656Z] <<< [apiv2][body] GET https://firebase-public.firebaseio.com/cli.json {"cloudBuildErrorAfter":1594252800000,"cloudBuildWarnAfter":1590019200000,"defaultNode10After":1594252800000,"minVersion":"3.0.5","node8DeploysDisabledAfter":1613390400000,"node8RuntimeDisabledAfter":1615809600000,"node8WarnAfter":1600128000000}
[debug] [2022-01-10T23:51:08.966Z] <<< HTTP RESPONSE 200 {"cache-control":"no-cache, no-store, max-age=0, must-revalidate","expires":"Mon, 01 Jan 1990 00:00:00 GMT","pragma":"no-cache","date":"Mon, 10 Jan 2022 23:51:08 GMT","content-type":"application/json; charset=utf-8","vary":"X-Origin, Referer, Origin,Accept-Encoding","server":"scaffolding on HTTPServer2","x-xss-protection":"0","x-frame-options":"SAMEORIGIN","x-content-type-options":"nosniff","alt-svc":"h3=\":443\"; ma=2592000,h3-29=\":443\"; ma=2592000,h3-Q050=\":443\"; ma=2592000,h3-Q046=\":443\"; ma=2592000,h3-Q043=\":443\"; ma=2592000,quic=\":443\"; ma=2592000; v=\"46,43\"","accept-ranges":"none","transfer-encoding":"chunked"}
[debug] [2022-01-10T23:51:09.086Z] >>> HTTP REQUEST POST https://cloudresourcemanager.googleapis.com/v1/projects/twirra-io:testIamPermissions  
 {"permissions":["datastore.indexes.create","datastore.indexes.delete","datastore.indexes.list","datastore.indexes.update","firebase.projects.get","firebasehosting.sites.update"]}
[debug] [2022-01-10T23:51:10.841Z] <<< HTTP RESPONSE 200 {"content-type":"application/json; charset=UTF-8","vary":"X-Origin, Referer, Origin,Accept-Encoding","date":"Mon, 10 Jan 2022 23:51:10 GMT","server":"ESF","cache-control":"private","x-xss-protection":"0","x-frame-options":"SAMEORIGIN","x-content-type-options":"nosniff","server-timing":"gfet4t7; dur=101","alt-svc":"h3=\":443\"; ma=2592000,h3-29=\":443\"; ma=2592000,h3-Q050=\":443\"; ma=2592000,h3-Q046=\":443\"; ma=2592000,h3-Q043=\":443\"; ma=2592000,quic=\":443\"; ma=2592000; v=\"46,43\"","accept-ranges":"none","transfer-encoding":"chunked"}
[debug] [2022-01-10T23:51:10.843Z] > refreshing access token with scopes: []
[debug] [2022-01-10T23:51:10.844Z] >>> HTTP REQUEST POST https://www.googleapis.com/oauth2/v3/token  
 <request body omitted>
[debug] [2022-01-10T23:51:11.978Z] <<< HTTP RESPONSE 200 {"cache-control":"no-cache, no-store, max-age=0, must-revalidate","pragma":"no-cache","date":"Mon, 10 Jan 2022 23:51:11 GMT","expires":"Mon, 01 Jan 1990 00:00:00 GMT","content-type":"application/json; charset=utf-8","vary":"X-Origin, Referer, Origin,Accept-Encoding","server":"scaffolding on HTTPServer2","x-xss-protection":"0","x-frame-options":"SAMEORIGIN","x-content-type-options":"nosniff","alt-svc":"h3=\":443\"; ma=2592000,h3-29=\":443\"; ma=2592000,h3-Q050=\":443\"; ma=2592000,h3-Q046=\":443\"; ma=2592000,h3-Q043=\":443\"; ma=2592000,quic=\":443\"; ma=2592000; v=\"46,43\"","accept-ranges":"none","transfer-encoding":"chunked"}
[debug] [2022-01-10T23:51:12.912Z] >>> [apiv2][query] GET https://firebase.googleapis.com/v1beta1/projects/twirra-io [none]
[debug] [2022-01-10T23:51:14.721Z] <<< [apiv2][status] GET https://firebase.googleapis.com/v1beta1/projects/twirra-io 200
[debug] [2022-01-10T23:51:14.722Z] <<< [apiv2][body] GET https://firebase.googleapis.com/v1beta1/projects/twirra-io {"projectId":"twirra-io","projectNumber":"149337134974","displayName":"Twirra","name":"projects/twirra-io","resources":{"hostingSite":"twirra-io","storageBucket":"twirra-io.appspot.com","locationId":"us-central"},"state":"ACTIVE"}
[info] 
[info] === Deploying to 'twirra-io'...
[info] 
[info] i  deploying firestore, hosting 
[info] i  firestore: reading indexes from firestore.indexes.json... 
[info] i  cloud.firestore: checking firestore.rules for compilation errors... 
[debug] [2022-01-10T23:51:14.732Z] > refreshing access token with scopes: ["email","https://www.googleapis.com/auth/cloud-platform","https://www.googleapis.com/auth/cloudplatformprojects.readonly","https://www.googleapis.com/auth/firebase","openid"]
[debug] [2022-01-10T23:51:14.733Z] >>> HTTP REQUEST POST https://www.googleapis.com/oauth2/v3/token  
 <request body omitted>
[debug] [2022-01-10T23:51:15.870Z] <<< HTTP RESPONSE 200 {"expires":"Mon, 01 Jan 1990 00:00:00 GMT","cache-control":"no-cache, no-store, max-age=0, must-revalidate","pragma":"no-cache","date":"Mon, 10 Jan 2022 23:51:15 GMT","content-type":"application/json; charset=utf-8","vary":"X-Origin, Referer, Origin,Accept-Encoding","server":"scaffolding on HTTPServer2","x-xss-protection":"0","x-frame-options":"SAMEORIGIN","x-content-type-options":"nosniff","alt-svc":"h3=\":443\"; ma=2592000,h3-29=\":443\"; ma=2592000,h3-Q050=\":443\"; ma=2592000,h3-Q046=\":443\"; ma=2592000,h3-Q043=\":443\"; ma=2592000,quic=\":443\"; ma=2592000; v=\"46,43\"","accept-ranges":"none","transfer-encoding":"chunked"}
[debug] [2022-01-10T23:51:15.940Z] >>> HTTP REQUEST POST https://firebaserules.googleapis.com/v1/projects/twirra-io:test  
 {"source":{"files":[{"name":"firestore.rules","content":"rules_version = '2';\nservice cloud.firestore {\n  match /databases/{database}/documents {\n    match /{document=**} {\n      allow read, write: if false;\n    }\n  }\n}"}]}}
[debug] [2022-01-10T23:51:17.476Z] <<< HTTP RESPONSE 200 {"content-type":"application/json; charset=UTF-8","vary":"X-Origin, Referer, Origin,Accept-Encoding","date":"Mon, 10 Jan 2022 23:51:17 GMT","server":"ESF","cache-control":"private","x-xss-protection":"0","x-frame-options":"SAMEORIGIN","x-content-type-options":"nosniff","alt-svc":"h3=\":443\"; ma=2592000,h3-29=\":443\"; ma=2592000,h3-Q050=\":443\"; ma=2592000,h3-Q046=\":443\"; ma=2592000,h3-Q043=\":443\"; ma=2592000,quic=\":443\"; ma=2592000; v=\"46,43\"","accept-ranges":"none","transfer-encoding":"chunked"}
[info] ✔  cloud.firestore: rules file firestore.rules compiled successfully 
[debug] [2022-01-10T23:51:17.483Z] >>> HTTP REQUEST POST https://firebasehosting.googleapis.com/v1beta1/sites/twirra-io/versions  
 {"config":{"rewrites":[{"glob":"**","path":"/index.html"}]},"labels":{"deployment-tool":"cli-firebase"}}
[debug] [2022-01-10T23:51:19.934Z] <<< HTTP RESPONSE 200 {"content-type":"application/json; charset=UTF-8","vary":"X-Origin, Referer, Origin,Accept-Encoding","date":"Mon, 10 Jan 2022 23:51:19 GMT","server":"ESF","cache-control":"private","x-xss-protection":"0","x-frame-options":"SAMEORIGIN","x-content-type-options":"nosniff","alt-svc":"h3=\":443\"; ma=2592000,h3-29=\":443\"; ma=2592000,h3-Q050=\":443\"; ma=2592000,h3-Q046=\":443\"; ma=2592000,h3-Q043=\":443\"; ma=2592000,quic=\":443\"; ma=2592000; v=\"46,43\"","accept-ranges":"none","transfer-encoding":"chunked"}
[debug] [2022-01-10T23:51:19.938Z] >>> HTTP REQUEST GET https://firebaserules.googleapis.com/v1/projects/twirra-io/releases?pageSize=10&pageToken=  
 
[debug] [2022-01-10T23:51:19.938Z] >>> HTTP REQUEST GET https://firestore.googleapis.com/v1/projects/twirra-io/databases/(default)/collectionGroups/-/indexes  
 
[debug] [2022-01-10T23:51:21.197Z] <<< HTTP RESPONSE 200 {"content-type":"application/json; charset=UTF-8","vary":"X-Origin, Referer, Origin,Accept-Encoding","date":"Mon, 10 Jan 2022 23:51:20 GMT","server":"ESF","cache-control":"private","x-xss-protection":"0","x-frame-options":"SAMEORIGIN","x-content-type-options":"nosniff","alt-svc":"h3=\":443\"; ma=2592000,h3-29=\":443\"; ma=2592000,h3-Q050=\":443\"; ma=2592000,h3-Q046=\":443\"; ma=2592000,h3-Q043=\":443\"; ma=2592000,quic=\":443\"; ma=2592000; v=\"46,43\"","accept-ranges":"none","transfer-encoding":"chunked"}
[debug] [2022-01-10T23:51:21.199Z] >>> HTTP REQUEST GET https://firebaserules.googleapis.com/v1/projects/twirra-io/rulesets/61cc4244-9abb-4977-af16-b6033be3a1ea  
 
[debug] [2022-01-10T23:51:21.932Z] <<< HTTP RESPONSE 200 {"content-type":"application/json; charset=UTF-8","vary":"X-Origin, Referer, Origin,Accept-Encoding","date":"Mon, 10 Jan 2022 23:51:21 GMT","server":"ESF","cache-control":"private","x-xss-protection":"0","x-frame-options":"SAMEORIGIN","x-content-type-options":"nosniff","alt-svc":"h3=\":443\"; ma=2592000,h3-29=\":443\"; ma=2592000,h3-Q050=\":443\"; ma=2592000,h3-Q046=\":443\"; ma=2592000,h3-Q043=\":443\"; ma=2592000,quic=\":443\"; ma=2592000; v=\"46,43\"","accept-ranges":"none","transfer-encoding":"chunked"}
[debug] [2022-01-10T23:51:21.934Z] >>> HTTP REQUEST GET https://firestore.googleapis.com/v1/projects/twirra-io/databases/(default)/collectionGroups/-/fields?filter=indexConfig.usesAncestorConfig=false  
 
[debug] [2022-01-10T23:51:22.156Z] <<< HTTP RESPONSE 200 {"content-type":"application/json; charset=UTF-8","vary":"X-Origin, Referer, Origin,Accept-Encoding","date":"Mon, 10 Jan 2022 23:51:22 GMT","server":"ESF","cache-control":"private","x-xss-protection":"0","x-frame-options":"SAMEORIGIN","x-content-type-options":"nosniff","alt-svc":"h3=\":443\"; ma=2592000,h3-29=\":443\"; ma=2592000,h3-Q050=\":443\"; ma=2592000,h3-Q046=\":443\"; ma=2592000,h3-Q043=\":443\"; ma=2592000,quic=\":443\"; ma=2592000; v=\"46,43\"","accept-ranges":"none","transfer-encoding":"chunked"}
[info] i  firestore: latest version of firestore.rules already up to date, skipping upload... 
[debug] [2022-01-10T23:51:23.371Z] <<< HTTP RESPONSE 200 {"content-type":"application/json; charset=UTF-8","vary":"X-Origin, Referer, Origin,Accept-Encoding","date":"Mon, 10 Jan 2022 23:51:22 GMT","server":"ESF","cache-control":"private","x-xss-protection":"0","x-frame-options":"SAMEORIGIN","x-content-type-options":"nosniff","alt-svc":"h3=\":443\"; ma=2592000,h3-29=\":443\"; ma=2592000,h3-Q050=\":443\"; ma=2592000,h3-Q046=\":443\"; ma=2592000,h3-Q043=\":443\"; ma=2592000,quic=\":443\"; ma=2592000; v=\"46,43\"","accept-ranges":"none","transfer-encoding":"chunked"}
[info] ✔  firestore: deployed indexes in firestore.indexes.json successfully 
[info] i  hosting[twirra-io]: beginning deploy... 
[info] i  hosting[twirra-io]: found 27 files in build 
[debug] [2022-01-10T23:51:23.538Z] > refreshing access token with scopes: []
[debug] [2022-01-10T23:51:23.539Z] >>> HTTP REQUEST POST https://www.googleapis.com/oauth2/v3/token  
 <request body omitted>
[debug] [2022-01-10T23:51:23.545Z] [hosting] hash cache [YnVpbGQ] stored for 27 files
[debug] [2022-01-10T23:51:23.546Z] [hosting][hash queue][FINAL] {"max":121,"min":25,"avg":31.037037037037038,"active":0,"complete":27,"success":27,"errored":0,"retried":0,"total":27,"elapsed":136}
[debug] [2022-01-10T23:51:24.658Z] <<< HTTP RESPONSE 200 {"cache-control":"no-cache, no-store, max-age=0, must-revalidate","expires":"Mon, 01 Jan 1990 00:00:00 GMT","pragma":"no-cache","date":"Mon, 10 Jan 2022 23:51:24 GMT","content-type":"application/json; charset=utf-8","vary":"X-Origin, Referer, Origin,Accept-Encoding","server":"scaffolding on HTTPServer2","x-xss-protection":"0","x-frame-options":"SAMEORIGIN","x-content-type-options":"nosniff","alt-svc":"h3=\":443\"; ma=2592000,h3-29=\":443\"; ma=2592000,h3-Q050=\":443\"; ma=2592000,h3-Q046=\":443\"; ma=2592000,h3-Q043=\":443\"; ma=2592000,quic=\":443\"; ma=2592000; v=\"46,43\"","accept-ranges":"none","transfer-encoding":"chunked"}
[debug] [2022-01-10T23:51:24.781Z] >>> [apiv2][query] POST https://firebasehosting.googleapis.com/v1beta1/sites/twirra-io/versions/fe10a6553e39dd17:populateFiles [none]
[debug] [2022-01-10T23:51:24.782Z] >>> [apiv2][body] POST https://firebasehosting.googleapis.com/v1beta1/sites/twirra-io/versions/fe10a6553e39dd17:populateFiles {"files":{"/asset-manifest.json":"f83e2b4245b2779735268b0ef7c852f8e2614edc02e53984da1045a6056469a8","/favicon.ico":"c599b7a91ab3627e3538125d9f40adc2d4bf949046984262670545dc7738af06","/index.html":"2507b65c8324952e5b505b0ac51d50d659d9c863a44429724a62278bb8b46c50","/logo192.png":"76c449ccb9cd117c2f2338f091b18f7050f3210e249b2228f5c81b23f34377cd","/logo512.png":"7779210d56c1f3741e2e487799fe3092def4fa6ac450a60532b807c3a8971205","/manifest.json":"0958a5e0c831126100c8c2d06a6bbaa665a3900f21aaff4130238a6f5a113aa1","/robots.txt":"2544ca049f223a42bff01f72ad930a5edba75bbb7199d0f8430a02ff5aca16ec","/static/css/main.a9d069e4.chunk.css":"3abb2716564cf2066ff923a9bf6d8a669b059d8f62cc0e46f02478fc2989ba4f","/static/css/main.a9d069e4.chunk.css.map":"70b5752e08dc2213885ea610de307ab542d1b6051dc252c9151edd982bae48d7","/static/js/2.7993a84f.chunk.js.LICENSE.txt":"b60124ece0494d54e57fc65ceac7789369274604d13c69b9706dfb789bd32f0d","/static/js/3.10d06261.chunk.js":"f1b2daee71e97f5e7fc714dc597ec9cd89972daccfd6047d8e41b7989e0b4ce1","/static/js/3.10d06261.chunk.js.map":"0386356852aece36f7c8bad5c88a66451d0ce9e0dd744f4c356b835bf155ea70","/static/js/main.bfd3925d.chunk.js":"7e6d3e9f897122b2e956eec1a841085921a24e58152117633c6fead3aa75c9ea","/static/js/runtime-main.0ec3134b.js":"1cda98244b1a37d8bf922cd1589514fa83c9b0f4e1f27a2114768e78321aff4a","/static/js/runtime-main.0ec3134b.js.map":"a1bd5122cfe54aaa5c9136e3b2d9dfc5f0d36a2e96a81412ca96bb61570fac84","/static/media/Bookmarks.15fe1f9b.svg":"5518c356f4a14dd4f91bd7a2c75ea8e87d3046888eccccdc8214184f5aa99bb0","/static/media/Explore.3b03bed6.svg":"b0819d0fe250f4ce67b7ede2c55586ead13430300cd8f9f2f092ae901a939eb2","/static/media/Home-Fill.013c1754.svg":"4965e214449fa5d664df3682014b7d05566f53f03e63e58f33db4ed10f7791d3","/static/media/Lists.c9eeb055.svg":"95e09dd42ecd3d0716bfaf97259ffd6b2b5baff159ba6078e724b8b4c5d1005f","/static/media/Messages.c3bef7e5.svg":"b55e682ac6a1c1aafd9a14d93a9544f6a4036999b794767a24371ab30dd29aae","/static/media/More.44142927.svg":"44f58f8a1683d33b225e96e5cbfdfa3d42f9e24b4c6408982e992470bdb4da46","/static/media/Notifications.6d5f06a3.svg":"b742f292f12969fbd655f5d8365c4bd91488b70074e2996ef28fc1d32a6e8fc3","/static/media/Profile.f838c08f.svg":"815738011594c12cf022592e35af13f55af5cfb15aec0782d65abd01d7ca80bf","/static/media/Twitter.28cca4c2.svg":"7178333133a7c6a9dc73f52df8ac1492da58d8d82d20fbe9efce6bf3002fc6ec","/static/js/main.bfd3925d.chunk.js.map":"b28ba44e734e77fa47bf60f704d0af27f9a4b547ae6a23b2741018b4bbcfacac","/static/js/2.7993a84f.chunk.js":"98425f2792f9b3a2e61f9b386727aaf5449ee6eaeeaabe2c155fa3202c88913a","/static/js/2.7993a84f.chunk.js.map":"39a52baafe437cba7f19744ddbec5d3167ad4186a7909c031d235052bd526351"}}
[debug] [2022-01-10T23:51:26.454Z] <<< [apiv2][status] POST https://firebasehosting.googleapis.com/v1beta1/sites/twirra-io/versions/fe10a6553e39dd17:populateFiles 200
[debug] [2022-01-10T23:51:26.455Z] <<< [apiv2][body] POST https://firebasehosting.googleapis.com/v1beta1/sites/twirra-io/versions/fe10a6553e39dd17:populateFiles {"uploadRequiredHashes":["f83e2b4245b2779735268b0ef7c852f8e2614edc02e53984da1045a6056469a8","2507b65c8324952e5b505b0ac51d50d659d9c863a44429724a62278bb8b46c50","3abb2716564cf2066ff923a9bf6d8a669b059d8f62cc0e46f02478fc2989ba4f","70b5752e08dc2213885ea610de307ab542d1b6051dc252c9151edd982bae48d7","a1bd5122cfe54aaa5c9136e3b2d9dfc5f0d36a2e96a81412ca96bb61570fac84","b28ba44e734e77fa47bf60f704d0af27f9a4b547ae6a23b2741018b4bbcfacac","1cda98244b1a37d8bf922cd1589514fa83c9b0f4e1f27a2114768e78321aff4a","7e6d3e9f897122b2e956eec1a841085921a24e58152117633c6fead3aa75c9ea","39a52baafe437cba7f19744ddbec5d3167ad4186a7909c031d235052bd526351","0386356852aece36f7c8bad5c88a66451d0ce9e0dd744f4c356b835bf155ea70","f1b2daee71e97f5e7fc714dc597ec9cd89972daccfd6047d8e41b7989e0b4ce1","98425f2792f9b3a2e61f9b386727aaf5449ee6eaeeaabe2c155fa3202c88913a"],"uploadUrl":"https://upload-firebasehosting.googleapis.com/upload/sites/twirra-io/versions/fe10a6553e39dd17/files"}
[debug] [2022-01-10T23:51:26.461Z] >>> [apiv2][query] POST https://upload-firebasehosting.googleapis.com/upload/sites/twirra-io/versions/fe10a6553e39dd17/files/f83e2b4245b2779735268b0ef7c852f8e2614edc02e53984da1045a6056469a8 [none]
[debug] [2022-01-10T23:51:26.462Z] >>> [apiv2][body] POST https://upload-firebasehosting.googleapis.com/upload/sites/twirra-io/versions/fe10a6553e39dd17/files/f83e2b4245b2779735268b0ef7c852f8e2614edc02e53984da1045a6056469a8 [stream]
[debug] [2022-01-10T23:51:26.464Z] >>> [apiv2][query] POST https://upload-firebasehosting.googleapis.com/upload/sites/twirra-io/versions/fe10a6553e39dd17/files/2507b65c8324952e5b505b0ac51d50d659d9c863a44429724a62278bb8b46c50 [none]
[debug] [2022-01-10T23:51:26.464Z] >>> [apiv2][body] POST https://upload-firebasehosting.googleapis.com/upload/sites/twirra-io/versions/fe10a6553e39dd17/files/2507b65c8324952e5b505b0ac51d50d659d9c863a44429724a62278bb8b46c50 [stream]
[debug] [2022-01-10T23:51:26.466Z] >>> [apiv2][query] POST https://upload-firebasehosting.googleapis.com/upload/sites/twirra-io/versions/fe10a6553e39dd17/files/3abb2716564cf2066ff923a9bf6d8a669b059d8f62cc0e46f02478fc2989ba4f [none]
[debug] [2022-01-10T23:51:26.466Z] >>> [apiv2][body] POST https://upload-firebasehosting.googleapis.com/upload/sites/twirra-io/versions/fe10a6553e39dd17/files/3abb2716564cf2066ff923a9bf6d8a669b059d8f62cc0e46f02478fc2989ba4f [stream]
[debug] [2022-01-10T23:51:26.468Z] >>> [apiv2][query] POST https://upload-firebasehosting.googleapis.com/upload/sites/twirra-io/versions/fe10a6553e39dd17/files/70b5752e08dc2213885ea610de307ab542d1b6051dc252c9151edd982bae48d7 [none]
[debug] [2022-01-10T23:51:26.468Z] >>> [apiv2][body] POST https://upload-firebasehosting.googleapis.com/upload/sites/twirra-io/versions/fe10a6553e39dd17/files/70b5752e08dc2213885ea610de307ab542d1b6051dc252c9151edd982bae48d7 [stream]
[debug] [2022-01-10T23:51:26.469Z] >>> [apiv2][query] POST https://upload-firebasehosting.googleapis.com/upload/sites/twirra-io/versions/fe10a6553e39dd17/files/a1bd5122cfe54aaa5c9136e3b2d9dfc5f0d36a2e96a81412ca96bb61570fac84 [none]
[debug] [2022-01-10T23:51:26.469Z] >>> [apiv2][body] POST https://upload-firebasehosting.googleapis.com/upload/sites/twirra-io/versions/fe10a6553e39dd17/files/a1bd5122cfe54aaa5c9136e3b2d9dfc5f0d36a2e96a81412ca96bb61570fac84 [stream]
[debug] [2022-01-10T23:51:26.470Z] >>> [apiv2][query] POST https://upload-firebasehosting.googleapis.com/upload/sites/twirra-io/versions/fe10a6553e39dd17/files/b28ba44e734e77fa47bf60f704d0af27f9a4b547ae6a23b2741018b4bbcfacac [none]
[debug] [2022-01-10T23:51:26.470Z] >>> [apiv2][body] POST https://upload-firebasehosting.googleapis.com/upload/sites/twirra-io/versions/fe10a6553e39dd17/files/b28ba44e734e77fa47bf60f704d0af27f9a4b547ae6a23b2741018b4bbcfacac [stream]
[debug] [2022-01-10T23:51:26.476Z] >>> [apiv2][query] POST https://upload-firebasehosting.googleapis.com/upload/sites/twirra-io/versions/fe10a6553e39dd17/files/1cda98244b1a37d8bf922cd1589514fa83c9b0f4e1f27a2114768e78321aff4a [none]
[debug] [2022-01-10T23:51:26.476Z] >>> [apiv2][body] POST https://upload-firebasehosting.googleapis.com/upload/sites/twirra-io/versions/fe10a6553e39dd17/files/1cda98244b1a37d8bf922cd1589514fa83c9b0f4e1f27a2114768e78321aff4a [stream]
[debug] [2022-01-10T23:51:26.478Z] >>> [apiv2][query] POST https://upload-firebasehosting.googleapis.com/upload/sites/twirra-io/versions/fe10a6553e39dd17/files/7e6d3e9f897122b2e956eec1a841085921a24e58152117633c6fead3aa75c9ea [none]
[debug] [2022-01-10T23:51:26.478Z] >>> [apiv2][body] POST https://upload-firebasehosting.googleapis.com/upload/sites/twirra-io/versions/fe10a6553e39dd17/files/7e6d3e9f897122b2e956eec1a841085921a24e58152117633c6fead3aa75c9ea [stream]
[debug] [2022-01-10T23:51:26.479Z] >>> [apiv2][query] POST https://upload-firebasehosting.googleapis.com/upload/sites/twirra-io/versions/fe10a6553e39dd17/files/39a52baafe437cba7f19744ddbec5d3167ad4186a7909c031d235052bd526351 [none]
[debug] [2022-01-10T23:51:26.479Z] >>> [apiv2][body] POST https://upload-firebasehosting.googleapis.com/upload/sites/twirra-io/versions/fe10a6553e39dd17/files/39a52baafe437cba7f19744ddbec5d3167ad4186a7909c031d235052bd526351 [stream]
[debug] [2022-01-10T23:51:26.481Z] >>> [apiv2][query] POST https://upload-firebasehosting.googleapis.com/upload/sites/twirra-io/versions/fe10a6553e39dd17/files/0386356852aece36f7c8bad5c88a66451d0ce9e0dd744f4c356b835bf155ea70 [none]
[debug] [2022-01-10T23:51:26.482Z] >>> [apiv2][body] POST https://upload-firebasehosting.googleapis.com/upload/sites/twirra-io/versions/fe10a6553e39dd17/files/0386356852aece36f7c8bad5c88a66451d0ce9e0dd744f4c356b835bf155ea70 [stream]
[debug] [2022-01-10T23:51:26.482Z] >>> [apiv2][query] POST https://upload-firebasehosting.googleapis.com/upload/sites/twirra-io/versions/fe10a6553e39dd17/files/f1b2daee71e97f5e7fc714dc597ec9cd89972daccfd6047d8e41b7989e0b4ce1 [none]
[debug] [2022-01-10T23:51:26.482Z] >>> [apiv2][body] POST https://upload-firebasehosting.googleapis.com/upload/sites/twirra-io/versions/fe10a6553e39dd17/files/f1b2daee71e97f5e7fc714dc597ec9cd89972daccfd6047d8e41b7989e0b4ce1 [stream]
[debug] [2022-01-10T23:51:26.483Z] >>> [apiv2][query] POST https://upload-firebasehosting.googleapis.com/upload/sites/twirra-io/versions/fe10a6553e39dd17/files/98425f2792f9b3a2e61f9b386727aaf5449ee6eaeeaabe2c155fa3202c88913a [none]
[debug] [2022-01-10T23:51:26.483Z] >>> [apiv2][body] POST https://upload-firebasehosting.googleapis.com/upload/sites/twirra-io/versions/fe10a6553e39dd17/files/98425f2792f9b3a2e61f9b386727aaf5449ee6eaeeaabe2c155fa3202c88913a [stream]
[debug] [2022-01-10T23:51:26.484Z] [hosting][populate queue][FINAL] {"max":2923,"min":2923,"avg":2923,"active":0,"complete":1,"success":1,"errored":0,"retried":0,"total":1,"elapsed":2946}
[debug] [2022-01-10T23:51:26.484Z] [hosting] uploads queued: 12
[debug] [2022-01-10T23:51:28.661Z] <<< [apiv2][status] POST https://upload-firebasehosting.googleapis.com/upload/sites/twirra-io/versions/fe10a6553e39dd17/files/f83e2b4245b2779735268b0ef7c852f8e2614edc02e53984da1045a6056469a8 200
[debug] [2022-01-10T23:51:28.662Z] <<< [apiv2][body] POST https://upload-firebasehosting.googleapis.com/upload/sites/twirra-io/versions/fe10a6553e39dd17/files/f83e2b4245b2779735268b0ef7c852f8e2614edc02e53984da1045a6056469a8 [stream]
[debug] [2022-01-10T23:51:28.875Z] <<< [apiv2][status] POST https://upload-firebasehosting.googleapis.com/upload/sites/twirra-io/versions/fe10a6553e39dd17/files/70b5752e08dc2213885ea610de307ab542d1b6051dc252c9151edd982bae48d7 200
[debug] [2022-01-10T23:51:28.876Z] <<< [apiv2][body] POST https://upload-firebasehosting.googleapis.com/upload/sites/twirra-io/versions/fe10a6553e39dd17/files/70b5752e08dc2213885ea610de307ab542d1b6051dc252c9151edd982bae48d7 [stream]
[debug] [2022-01-10T23:51:28.878Z] <<< [apiv2][status] POST https://upload-firebasehosting.googleapis.com/upload/sites/twirra-io/versions/fe10a6553e39dd17/files/f1b2daee71e97f5e7fc714dc597ec9cd89972daccfd6047d8e41b7989e0b4ce1 200
[debug] [2022-01-10T23:51:28.878Z] <<< [apiv2][body] POST https://upload-firebasehosting.googleapis.com/upload/sites/twirra-io/versions/fe10a6553e39dd17/files/f1b2daee71e97f5e7fc714dc597ec9cd89972daccfd6047d8e41b7989e0b4ce1 [stream]
[debug] [2022-01-10T23:51:28.907Z] <<< [apiv2][status] POST https://upload-firebasehosting.googleapis.com/upload/sites/twirra-io/versions/fe10a6553e39dd17/files/2507b65c8324952e5b505b0ac51d50d659d9c863a44429724a62278bb8b46c50 200
[debug] [2022-01-10T23:51:28.907Z] <<< [apiv2][body] POST https://upload-firebasehosting.googleapis.com/upload/sites/twirra-io/versions/fe10a6553e39dd17/files/2507b65c8324952e5b505b0ac51d50d659d9c863a44429724a62278bb8b46c50 [stream]
[debug] [2022-01-10T23:51:28.970Z] <<< [apiv2][status] POST https://upload-firebasehosting.googleapis.com/upload/sites/twirra-io/versions/fe10a6553e39dd17/files/b28ba44e734e77fa47bf60f704d0af27f9a4b547ae6a23b2741018b4bbcfacac 200
[debug] [2022-01-10T23:51:28.970Z] <<< [apiv2][body] POST https://upload-firebasehosting.googleapis.com/upload/sites/twirra-io/versions/fe10a6553e39dd17/files/b28ba44e734e77fa47bf60f704d0af27f9a4b547ae6a23b2741018b4bbcfacac [stream]
[debug] [2022-01-10T23:51:29.012Z] <<< [apiv2][status] POST https://upload-firebasehosting.googleapis.com/upload/sites/twirra-io/versions/fe10a6553e39dd17/files/a1bd5122cfe54aaa5c9136e3b2d9dfc5f0d36a2e96a81412ca96bb61570fac84 200
[debug] [2022-01-10T23:51:29.013Z] <<< [apiv2][body] POST https://upload-firebasehosting.googleapis.com/upload/sites/twirra-io/versions/fe10a6553e39dd17/files/a1bd5122cfe54aaa5c9136e3b2d9dfc5f0d36a2e96a81412ca96bb61570fac84 [stream]
[debug] [2022-01-10T23:51:29.015Z] <<< [apiv2][status] POST https://upload-firebasehosting.googleapis.com/upload/sites/twirra-io/versions/fe10a6553e39dd17/files/3abb2716564cf2066ff923a9bf6d8a669b059d8f62cc0e46f02478fc2989ba4f 200
[debug] [2022-01-10T23:51:29.015Z] <<< [apiv2][body] POST https://upload-firebasehosting.googleapis.com/upload/sites/twirra-io/versions/fe10a6553e39dd17/files/3abb2716564cf2066ff923a9bf6d8a669b059d8f62cc0e46f02478fc2989ba4f [stream]
[debug] [2022-01-10T23:51:29.165Z] <<< [apiv2][status] POST https://upload-firebasehosting.googleapis.com/upload/sites/twirra-io/versions/fe10a6553e39dd17/files/7e6d3e9f897122b2e956eec1a841085921a24e58152117633c6fead3aa75c9ea 200
[debug] [2022-01-10T23:51:29.165Z] <<< [apiv2][body] POST https://upload-firebasehosting.googleapis.com/upload/sites/twirra-io/versions/fe10a6553e39dd17/files/7e6d3e9f897122b2e956eec1a841085921a24e58152117633c6fead3aa75c9ea [stream]
[debug] [2022-01-10T23:51:29.288Z] <<< [apiv2][status] POST https://upload-firebasehosting.googleapis.com/upload/sites/twirra-io/versions/fe10a6553e39dd17/files/0386356852aece36f7c8bad5c88a66451d0ce9e0dd744f4c356b835bf155ea70 200
[debug] [2022-01-10T23:51:29.288Z] <<< [apiv2][body] POST https://upload-firebasehosting.googleapis.com/upload/sites/twirra-io/versions/fe10a6553e39dd17/files/0386356852aece36f7c8bad5c88a66451d0ce9e0dd744f4c356b835bf155ea70 [stream]
[debug] [2022-01-10T23:51:29.305Z] <<< [apiv2][status] POST https://upload-firebasehosting.googleapis.com/upload/sites/twirra-io/versions/fe10a6553e39dd17/files/1cda98244b1a37d8bf922cd1589514fa83c9b0f4e1f27a2114768e78321aff4a 200
[debug] [2022-01-10T23:51:29.305Z] <<< [apiv2][body] POST https://upload-firebasehosting.googleapis.com/upload/sites/twirra-io/versions/fe10a6553e39dd17/files/1cda98244b1a37d8bf922cd1589514fa83c9b0f4e1f27a2114768e78321aff4a [stream]
[debug] [2022-01-10T23:51:29.567Z] <<< [apiv2][status] POST https://upload-firebasehosting.googleapis.com/upload/sites/twirra-io/versions/fe10a6553e39dd17/files/98425f2792f9b3a2e61f9b386727aaf5449ee6eaeeaabe2c155fa3202c88913a 200
[debug] [2022-01-10T23:51:29.568Z] <<< [apiv2][body] POST https://upload-firebasehosting.googleapis.com/upload/sites/twirra-io/versions/fe10a6553e39dd17/files/98425f2792f9b3a2e61f9b386727aaf5449ee6eaeeaabe2c155fa3202c88913a [stream]
[debug] [2022-01-10T23:51:29.814Z] <<< [apiv2][status] POST https://upload-firebasehosting.googleapis.com/upload/sites/twirra-io/versions/fe10a6553e39dd17/files/39a52baafe437cba7f19744ddbec5d3167ad4186a7909c031d235052bd526351 200
[debug] [2022-01-10T23:51:29.814Z] <<< [apiv2][body] POST https://upload-firebasehosting.googleapis.com/upload/sites/twirra-io/versions/fe10a6553e39dd17/files/39a52baafe437cba7f19744ddbec5d3167ad4186a7909c031d235052bd526351 [stream]
[debug] [2022-01-10T23:51:29.815Z] [hosting][upload queue][FINAL] {"max":3355,"min":2207,"avg":2663.75,"active":0,"complete":12,"success":12,"errored":0,"retried":0,"total":12,"elapsed":3360}
[info] ✔  hosting[twirra-io]: file upload complete 
[debug] [2022-01-10T23:51:29.815Z] [hosting] deploy completed after 6442ms
[debug] [2022-01-10T23:51:29.819Z] [rules] releasing cloud.firestore with ruleset projects/twirra-io/rulesets/61cc4244-9abb-4977-af16-b6033be3a1ea
[debug] [2022-01-10T23:51:29.820Z] > refreshing access token with scopes: ["email","https://www.googleapis.com/auth/cloud-platform","https://www.googleapis.com/auth/cloudplatformprojects.readonly","https://www.googleapis.com/auth/firebase","openid"]
[debug] [2022-01-10T23:51:29.820Z] >>> HTTP REQUEST POST https://www.googleapis.com/oauth2/v3/token  
 <request body omitted>
[debug] [2022-01-10T23:51:30.946Z] <<< HTTP RESPONSE 200 {"cache-control":"no-cache, no-store, max-age=0, must-revalidate","date":"Mon, 10 Jan 2022 23:51:30 GMT","expires":"Mon, 01 Jan 1990 00:00:00 GMT","pragma":"no-cache","content-type":"application/json; charset=utf-8","vary":"X-Origin, Referer, Origin,Accept-Encoding","server":"scaffolding on HTTPServer2","x-xss-protection":"0","x-frame-options":"SAMEORIGIN","x-content-type-options":"nosniff","alt-svc":"h3=\":443\"; ma=2592000,h3-29=\":443\"; ma=2592000,h3-Q050=\":443\"; ma=2592000,h3-Q046=\":443\"; ma=2592000,h3-Q043=\":443\"; ma=2592000,quic=\":443\"; ma=2592000; v=\"46,43\"","accept-ranges":"none","transfer-encoding":"chunked"}
[debug] [2022-01-10T23:51:31.013Z] >>> HTTP REQUEST PATCH https://firebaserules.googleapis.com/v1/projects/twirra-io/releases/cloud.firestore  
 {"release":{"name":"projects/twirra-io/releases/cloud.firestore","rulesetName":"projects/twirra-io/rulesets/61cc4244-9abb-4977-af16-b6033be3a1ea"}}
[debug] [2022-01-10T23:51:32.543Z] <<< HTTP RESPONSE 200 {"content-type":"application/json; charset=UTF-8","vary":"X-Origin, Referer, Origin,Accept-Encoding","date":"Mon, 10 Jan 2022 23:51:32 GMT","server":"ESF","cache-control":"private","x-xss-protection":"0","x-frame-options":"SAMEORIGIN","x-content-type-options":"nosniff","alt-svc":"h3=\":443\"; ma=2592000,h3-29=\":443\"; ma=2592000,h3-Q050=\":443\"; ma=2592000,h3-Q046=\":443\"; ma=2592000,h3-Q043=\":443\"; ma=2592000,quic=\":443\"; ma=2592000; v=\"46,43\"","accept-ranges":"none","transfer-encoding":"chunked"}
[debug] [2022-01-10T23:51:32.545Z] [rules] updated release projects/twirra-io/releases/cloud.firestore
[info] ✔  firestore: released rules firestore.rules to cloud.firestore 
[debug] [2022-01-10T23:51:32.546Z] [
  {
    "config": {
      "public": "build",
      "ignore": [
        "firebase.json",
        "**/.*",
        "**/node_modules/**"
      ],
      "rewrites": [
        {
          "source": "**",
          "destination": "/index.html"
        }
      ],
      "site": "twirra-io"
    },
    "site": "twirra-io",
    "version": "sites/twirra-io/versions/fe10a6553e39dd17"
  }
]
[info] i  hosting[twirra-io]: finalizing version... 
[debug] [2022-01-10T23:51:32.549Z] >>> HTTP REQUEST PATCH https://firebasehosting.googleapis.com/v1beta1/sites/twirra-io/versions/fe10a6553e39dd17?updateMask=status  
 {"status":"FINALIZED"}
